<?xml version="1.0" encoding="UTF-8"?>
<testsuite name="com.example.springproject.web.HelloControllerTest" tests="2" skipped="0" failures="0" errors="0" timestamp="2021-08-24T13:55:44" hostname="jochungbeom-ui-MacBookPro.local" time="0.083">
  <properties/>
  <testcase name="hello" classname="com.example.springproject.web.HelloControllerTest" time="0.026"/>
  <testcase name="helloDto가_리턴된다" classname="com.example.springproject.web.HelloControllerTest" time="0.057"/>
  <system-out><![CDATA[2021-08-24 22:55:44.191  INFO 2409 --- [    Test worker] .b.t.a.w.s.WebMvcTestContextBootstrapper : Neither @ContextConfiguration nor @ContextHierarchy found for test class [com.example.springproject.web.HelloControllerTest], using SpringBootContextLoader
2021-08-24 22:55:44.192  INFO 2409 --- [    Test worker] o.s.t.c.support.AbstractContextLoader    : Could not detect default resource locations for test class [com.example.springproject.web.HelloControllerTest]: no resource found for suffixes {-context.xml, Context.groovy}.
2021-08-24 22:55:44.192  INFO 2409 --- [    Test worker] t.c.s.AnnotationConfigContextLoaderUtils : Could not detect default configuration classes for test class [com.example.springproject.web.HelloControllerTest]: HelloControllerTest does not declare any static, non-private, non-final, nested classes annotated with @Configuration.
2021-08-24 22:55:44.204  INFO 2409 --- [    Test worker] .b.t.c.SpringBootTestContextBootstrapper : Found @SpringBootConfiguration com.example.springproject.SpringBootWebService for test class com.example.springproject.web.HelloControllerTest
2021-08-24 22:55:44.204  INFO 2409 --- [    Test worker] .b.t.a.w.s.WebMvcTestContextBootstrapper : Loaded default TestExecutionListener class names from location [META-INF/spring.factories]: [org.springframework.security.test.context.support.WithSecurityContextTestExecutionListener, org.springframework.security.test.context.support.ReactorContextTestExecutionListener, org.springframework.boot.test.autoconfigure.restdocs.RestDocsTestExecutionListener, org.springframework.boot.test.autoconfigure.web.client.MockRestServiceServerResetTestExecutionListener, org.springframework.boot.test.autoconfigure.web.servlet.MockMvcPrintOnlyOnFailureTestExecutionListener, org.springframework.boot.test.autoconfigure.web.servlet.WebDriverTestExecutionListener, org.springframework.boot.test.mock.mockito.MockitoTestExecutionListener, org.springframework.boot.test.mock.mockito.ResetMocksTestExecutionListener, org.springframework.test.context.web.ServletTestExecutionListener, org.springframework.test.context.support.DirtiesContextBeforeModesTestExecutionListener, org.springframework.test.context.support.DependencyInjectionTestExecutionListener, org.springframework.test.context.support.DirtiesContextTestExecutionListener, org.springframework.test.context.transaction.TransactionalTestExecutionListener, org.springframework.test.context.jdbc.SqlScriptsTestExecutionListener]
2021-08-24 22:55:44.205  INFO 2409 --- [    Test worker] .b.t.a.w.s.WebMvcTestContextBootstrapper : Using TestExecutionListeners: [org.springframework.test.context.web.ServletTestExecutionListener@51beb151, org.springframework.test.context.support.DirtiesContextBeforeModesTestExecutionListener@7e25785e, org.springframework.boot.test.mock.mockito.MockitoTestExecutionListener@1d886a04, org.springframework.boot.test.autoconfigure.SpringBootDependencyInjectionTestExecutionListener@14cb443e, org.springframework.test.context.support.DirtiesContextTestExecutionListener@305b5bcf, org.springframework.test.context.transaction.TransactionalTestExecutionListener@65e93212, org.springframework.test.context.jdbc.SqlScriptsTestExecutionListener@3beface1, org.springframework.security.test.context.support.WithSecurityContextTestExecutionListener@75cbe516, org.springframework.security.test.context.support.ReactorContextTestExecutionListener@1fa44d43, org.springframework.boot.test.autoconfigure.restdocs.RestDocsTestExecutionListener@33f18507, org.springframework.boot.test.autoconfigure.web.client.MockRestServiceServerResetTestExecutionListener@75bfbf3c, org.springframework.boot.test.autoconfigure.web.servlet.MockMvcPrintOnlyOnFailureTestExecutionListener@5f7607c8, org.springframework.boot.test.autoconfigure.web.servlet.WebDriverTestExecutionListener@62059730, org.springframework.boot.test.mock.mockito.ResetMocksTestExecutionListener@5de3efca]

  .   ____          _            __ _ _
 /\\ / ___'_ __ _ _(_)_ __  __ _ \ \ \ \
( ( )\___ | '_ | '_| | '_ \/ _` | \ \ \ \
 \\/  ___)| |_)| | | | | || (_| |  ) ) ) )
  '  |____| .__|_| |_|_| |_\__, | / / / /
 =========|_|==============|___/=/_/_/_/
 :: Spring Boot ::        (v2.1.7.RELEASE)

2021-08-24 22:55:44.230  INFO 2409 --- [    Test worker] c.e.s.web.HelloControllerTest            : Starting HelloControllerTest on jochungbeom-ui-MacBookPro.local with PID 2409 (started by jochungbeom in /Users/jochungbeom/Dev/git/springboot2-webservice-1)
2021-08-24 22:55:44.231  INFO 2409 --- [    Test worker] c.e.s.web.HelloControllerTest            : No active profile set, falling back to default profiles: default
2021-08-24 22:55:44.520  INFO 2409 --- [    Test worker] o.s.s.concurrent.ThreadPoolTaskExecutor  : Initializing ExecutorService 'applicationTaskExecutor'
2021-08-24 22:55:44.540  INFO 2409 --- [    Test worker] o.s.b.a.w.s.WelcomePageHandlerMapping    : Adding welcome page template: index
2021-08-24 22:55:44.643  INFO 2409 --- [    Test worker] .s.s.UserDetailsServiceAutoConfiguration : 

Using generated security password: 818ad75f-968f-4af5-9531-b62d97591336

2021-08-24 22:55:44.698  INFO 2409 --- [    Test worker] o.s.s.web.DefaultSecurityFilterChain     : Creating filter chain: any request, [org.springframework.security.web.context.request.async.WebAsyncManagerIntegrationFilter@242f03d4, org.springframework.security.web.context.SecurityContextPersistenceFilter@405b1f81, org.springframework.security.web.header.HeaderWriterFilter@563519d, org.springframework.security.web.csrf.CsrfFilter@32446d1a, org.springframework.security.web.authentication.logout.LogoutFilter@4fd71d49, org.springframework.security.web.authentication.UsernamePasswordAuthenticationFilter@667c6c26, org.springframework.security.web.authentication.ui.DefaultLoginPageGeneratingFilter@44e9407f, org.springframework.security.web.authentication.ui.DefaultLogoutPageGeneratingFilter@2806fa96, org.springframework.security.web.authentication.www.BasicAuthenticationFilter@444071e3, org.springframework.security.web.savedrequest.RequestCacheAwareFilter@39a13f43, org.springframework.security.web.servletapi.SecurityContextHolderAwareRequestFilter@26516e53, org.springframework.security.web.authentication.AnonymousAuthenticationFilter@6f8e491c, org.springframework.security.web.session.SessionManagementFilter@145ec096, org.springframework.security.web.access.ExceptionTranslationFilter@1c5cabf2, org.springframework.security.web.access.intercept.FilterSecurityInterceptor@8f72996]
2021-08-24 22:55:44.708  INFO 2409 --- [    Test worker] o.s.b.t.m.w.SpringBootMockServletContext : Initializing Spring TestDispatcherServlet ''
2021-08-24 22:55:44.708  INFO 2409 --- [    Test worker] o.s.t.web.servlet.TestDispatcherServlet  : Initializing Servlet ''
2021-08-24 22:55:44.709  INFO 2409 --- [    Test worker] o.s.t.web.servlet.TestDispatcherServlet  : Completed initialization in 1 ms
2021-08-24 22:55:44.729  INFO 2409 --- [    Test worker] c.e.s.web.HelloControllerTest            : Started HelloControllerTest in 0.513 seconds (JVM running for 6.103)
]]></system-out>
  <system-err><![CDATA[]]></system-err>
</testsuite>
